Student Grade Summary
---------------------

ENGLISH CLASS

Student                                   Final   Final   Letter
Name                                      Exam    Avg     Grade
----------------------------------------------------------------
Monica Lewinsky                           78      75.30   C
Joe Schmuckatelli                         90      88.75   B


HISTORY CLASS

Student                                   Final   Final   Letter
Name                                      Exam    Avg     Grade
----------------------------------------------------------------
Marvin Dipwart                            88      80.30   B
James T. Kirk                             88      80.80   B


MATH CLASS

Student                                   Final   Final   Letter
Name                                      Exam    Avg     Grade
----------------------------------------------------------------
Bugs Bunny                                93      94.83   A
Jimmy Crack Corn                          68      65.33   D


OVERALL GRADE DISTRIBUTION

A:   1
B:   3
C:   1
D:   1
F:   0
